<?xml version="1.0" encoding="UTF-8"?>
<testsuites name="jest tests" tests="13" failures="0" time="11.211">
  <testsuite name="Pact between MyConsumer and pactWith" errors="0" failures="0" skipped="0" timestamp="2020-08-18T09:18:22" time="9.084" tests="9">
    <testcase classname="Pact between MyConsumer and pactWith with 30000 ms timeout for Pact pact integration should be be able to hide the pact stuff behind the scenes with a port of the users choosing" name="Pact between MyConsumer and pactWith with 30000 ms timeout for Pact pact integration should be be able to hide the pact stuff behind the scenes with a port of the users choosing" time="0.024">
    </testcase>
    <testcase classname="Pact between MyConsumer and pactWith with 30000 ms timeout for Pact provider object should show the specified port in the URL" name="Pact between MyConsumer and pactWith with 30000 ms timeout for Pact provider object should show the specified port in the URL" time="0.008">
    </testcase>
    <testcase classname="Pact between MyConsumer and pactWith with 30000 ms timeout for Pact provider object should return the port on getProviderBaseUrl" name="Pact between MyConsumer and pactWith with 30000 ms timeout for Pact provider object should return the port on getProviderBaseUrl" time="0.007">
    </testcase>
    <testcase classname="Pact between MyConsumer and pactWith2 with 30000 ms timeout for Pact pact integration should be ok if i dont provide a port" name="Pact between MyConsumer and pactWith2 with 30000 ms timeout for Pact pact integration should be ok if i dont provide a port" time="0.015">
    </testcase>
    <testcase classname="Pact between MyConsumer and pactWith2 with 30000 ms timeout for Pact provider object should show the randomly assigned port in the URL" name="Pact between MyConsumer and pactWith2 with 30000 ms timeout for Pact provider object should show the randomly assigned port in the URL" time="0.006">
    </testcase>
    <testcase classname="Pact between MyConsumer and pactWith2 with 30000 ms timeout for Pact provider object should return the host on getProviderBaseUrl" name="Pact between MyConsumer and pactWith2 with 30000 ms timeout for Pact provider object should return the host on getProviderBaseUrl" time="0.007">
    </testcase>
    <testcase classname="custom log locations with logDir without logFileName Pact between MyConsumer and pactWith2 with 30000 ms timeout for Pact pact test works" name="custom log locations with logDir without logFileName Pact between MyConsumer and pactWith2 with 30000 ms timeout for Pact pact test works" time="0.014">
    </testcase>
    <testcase classname="custom log locations with logDir with logFileName Pact between MyConsumer and pactWith2 with 30000 ms timeout for Pact pact test works" name="custom log locations with logDir with logFileName Pact between MyConsumer and pactWith2 with 30000 ms timeout for Pact pact test works" time="0.014">
    </testcase>
    <testcase classname="custom log locations with only logFileName Pact between MyConsumer and pactWith2 with 30000 ms timeout for Pact pact test works" name="custom log locations with only logFileName Pact between MyConsumer and pactWith2 with 30000 ms timeout for Pact pact test works" time="0.014">
    </testcase>
  </testsuite>
  <testsuite name="xpactwith" errors="0" failures="0" skipped="1" timestamp="2020-08-18T09:18:31" time="0.537" tests="2">
    <testcase classname="xpactwith Pact between MyConsumer and NoOtherProvider with 30000 ms timeout for Pact the test that should be skipped" name="xpactwith Pact between MyConsumer and NoOtherProvider with 30000 ms timeout for Pact the test that should be skipped" time="0">
      <skipped/>
    </testcase>
    <testcase classname="xpactwith this test should run" name="xpactwith this test should run" time="0.001">
    </testcase>
  </testsuite>
  <testsuite name="fpactwith" errors="0" failures="0" skipped="1" timestamp="2020-08-18T09:18:32" time="1.482" tests="2">
    <testcase classname="fpactwith Pact between MyConsumer and NoProvider with 30000 ms timeout for Pact should only run this test" name="fpactwith Pact between MyConsumer and NoProvider with 30000 ms timeout for Pact should only run this test" time="0.011">
    </testcase>
    <testcase classname="fpactwith the test that should be skipped" name="fpactwith the test that should be skipped" time="0">
      <skipped/>
    </testcase>
  </testsuite>
</testsuites>